Fri, 10 Apr 2020 16:46:33 dataset.py[line:154] INFO Write logs to _logs/pack_waveforms_to_hdf5/unbalanced_train_segments_part01
Fri, 10 Apr 2020 16:46:34 dataset.py[line:180] INFO 0 /mnt/cephfs_new_wj/speechsv/qiuqiang.kong/datasets/audioset/audios/unbalanced_train_segments/unbalanced_train_segments_part01/Y-nLqxPYXRTg.wav
Fri, 10 Apr 2020 16:46:34 dataset.py[line:180] INFO 1 /mnt/cephfs_new_wj/speechsv/qiuqiang.kong/datasets/audioset/audios/unbalanced_train_segments/unbalanced_train_segments_part01/Y-nLtc1Xxanw.wav
Fri, 10 Apr 2020 16:46:34 dataset.py[line:188] INFO 2 File does not exist! /mnt/cephfs_new_wj/speechsv/qiuqiang.kong/datasets/audioset/audios/unbalanced_train_segments/unbalanced_train_segments_part01/Y-nLzbPjOPg8.wav
Fri, 10 Apr 2020 16:46:34 dataset.py[line:180] INFO 3 /mnt/cephfs_new_wj/speechsv/qiuqiang.kong/datasets/audioset/audios/unbalanced_train_segments/unbalanced_train_segments_part01/Y-nM18XU2r-E.wav
Fri, 10 Apr 2020 16:46:34 dataset.py[line:180] INFO 4 /mnt/cephfs_new_wj/speechsv/qiuqiang.kong/datasets/audioset/audios/unbalanced_train_segments/unbalanced_train_segments_part01/Y-nM1T6MlnTU.wav
Fri, 10 Apr 2020 16:46:34 dataset.py[line:180] INFO 5 /mnt/cephfs_new_wj/speechsv/qiuqiang.kong/datasets/audioset/audios/unbalanced_train_segments/unbalanced_train_segments_part01/Y-nM8wUq70Bo.wav
Fri, 10 Apr 2020 16:46:34 dataset.py[line:180] INFO 6 /mnt/cephfs_new_wj/speechsv/qiuqiang.kong/datasets/audioset/audios/unbalanced_train_segments/unbalanced_train_segments_part01/Y-nMBctwg2do.wav
Fri, 10 Apr 2020 16:46:34 dataset.py[line:180] INFO 7 /mnt/cephfs_new_wj/speechsv/qiuqiang.kong/datasets/audioset/audios/unbalanced_train_segments/unbalanced_train_segments_part01/Y-nMF0vfb6wo.wav
Fri, 10 Apr 2020 16:46:34 dataset.py[line:180] INFO 8 /mnt/cephfs_new_wj/speechsv/qiuqiang.kong/datasets/audioset/audios/unbalanced_train_segments/unbalanced_train_segments_part01/Y-nMH8mPc418.wav
Fri, 10 Apr 2020 16:46:34 dataset.py[line:180] INFO 9 /mnt/cephfs_new_wj/speechsv/qiuqiang.kong/datasets/audioset/audios/unbalanced_train_segments/unbalanced_train_segments_part01/Y-nMJUBufeSs.wav
Fri, 10 Apr 2020 16:46:34 dataset.py[line:180] INFO 10 /mnt/cephfs_new_wj/speechsv/qiuqiang.kong/datasets/audioset/audios/unbalanced_train_segments/unbalanced_train_segments_part01/Y-nMKvUckD2E.wav
Fri, 10 Apr 2020 16:46:34 dataset.py[line:180] INFO 11 /mnt/cephfs_new_wj/speechsv/qiuqiang.kong/datasets/audioset/audios/unbalanced_train_segments/unbalanced_train_segments_part01/Y-nMMSo4GWYI.wav
Fri, 10 Apr 2020 16:46:34 dataset.py[line:180] INFO 12 /mnt/cephfs_new_wj/speechsv/qiuqiang.kong/datasets/audioset/audios/unbalanced_train_segments/unbalanced_train_segments_part01/Y-nMSD9W5grk.wav
Fri, 10 Apr 2020 16:46:34 dataset.py[line:180] INFO 13 /mnt/cephfs_new_wj/speechsv/qiuqiang.kong/datasets/audioset/audios/unbalanced_train_segments/unbalanced_train_segments_part01/Y-nMTWlx7Kso.wav
Fri, 10 Apr 2020 16:46:34 dataset.py[line:180] INFO 14 /mnt/cephfs_new_wj/speechsv/qiuqiang.kong/datasets/audioset/audios/unbalanced_train_segments/unbalanced_train_segments_part01/Y-nMU0JddZeE.wav
Fri, 10 Apr 2020 16:46:34 dataset.py[line:180] INFO 15 /mnt/cephfs_new_wj/speechsv/qiuqiang.kong/datasets/audioset/audios/unbalanced_train_segments/unbalanced_train_segments_part01/Y-nMUfDlO5TY.wav
Fri, 10 Apr 2020 16:46:34 dataset.py[line:180] INFO 16 /mnt/cephfs_new_wj/speechsv/qiuqiang.kong/datasets/audioset/audios/unbalanced_train_segments/unbalanced_train_segments_part01/Y-nMVfQrJ3CY.wav
Fri, 10 Apr 2020 16:46:34 dataset.py[line:180] INFO 17 /mnt/cephfs_new_wj/speechsv/qiuqiang.kong/datasets/audioset/audios/unbalanced_train_segments/unbalanced_train_segments_part01/Y-nMW6FAA0u8.wav
Fri, 10 Apr 2020 16:46:34 dataset.py[line:180] INFO 18 /mnt/cephfs_new_wj/speechsv/qiuqiang.kong/datasets/audioset/audios/unbalanced_train_segments/unbalanced_train_segments_part01/Y-nMZHq_cxvk.wav
Fri, 10 Apr 2020 16:46:34 dataset.py[line:180] INFO 19 /mnt/cephfs_new_wj/speechsv/qiuqiang.kong/datasets/audioset/audios/unbalanced_train_segments/unbalanced_train_segments_part01/Y-nMdmKjmQS4.wav
Fri, 10 Apr 2020 16:46:34 dataset.py[line:180] INFO 20 /mnt/cephfs_new_wj/speechsv/qiuqiang.kong/datasets/audioset/audios/unbalanced_train_segments/unbalanced_train_segments_part01/Y-nMobeNWOp0.wav
Fri, 10 Apr 2020 16:46:34 dataset.py[line:180] INFO 21 /mnt/cephfs_new_wj/speechsv/qiuqiang.kong/datasets/audioset/audios/unbalanced_train_segments/unbalanced_train_segments_part01/Y-nMqywyVp6g.wav
Fri, 10 Apr 2020 16:46:34 dataset.py[line:180] INFO 22 /mnt/cephfs_new_wj/speechsv/qiuqiang.kong/datasets/audioset/audios/unbalanced_train_segments/unbalanced_train_segments_part01/Y-nN-q6Pi5Zs.wav
Fri, 10 Apr 2020 16:46:34 dataset.py[line:180] INFO 23 /mnt/cephfs_new_wj/speechsv/qiuqiang.kong/datasets/audioset/audios/unbalanced_train_segments/unbalanced_train_segments_part01/Y-nN-uAGfTe0.wav
Fri, 10 Apr 2020 16:46:34 dataset.py[line:180] INFO 24 /mnt/cephfs_new_wj/speechsv/qiuqiang.kong/datasets/audioset/audios/unbalanced_train_segments/unbalanced_train_segments_part01/Y-nN9ATsoYhE.wav
Fri, 10 Apr 2020 16:46:34 dataset.py[line:180] INFO 25 /mnt/cephfs_new_wj/speechsv/qiuqiang.kong/datasets/audioset/audios/unbalanced_train_segments/unbalanced_train_segments_part01/Y-nNBFiLyWEQ.wav
Fri, 10 Apr 2020 16:46:34 dataset.py[line:180] INFO 26 /mnt/cephfs_new_wj/speechsv/qiuqiang.kong/datasets/audioset/audios/unbalanced_train_segments/unbalanced_train_segments_part01/Y-nNGhCFSICk.wav
Fri, 10 Apr 2020 16:46:34 dataset.py[line:180] INFO 27 /mnt/cephfs_new_wj/speechsv/qiuqiang.kong/datasets/audioset/audios/unbalanced_train_segments/unbalanced_train_segments_part01/Y-nNHcR7fmso.wav
Fri, 10 Apr 2020 16:46:34 dataset.py[line:180] INFO 28 /mnt/cephfs_new_wj/speechsv/qiuqiang.kong/datasets/audioset/audios/unbalanced_train_segments/unbalanced_train_segments_part01/Y-nNKKE-6Cw4.wav
Fri, 10 Apr 2020 16:46:35 dataset.py[line:180] INFO 29 /mnt/cephfs_new_wj/speechsv/qiuqiang.kong/datasets/audioset/audios/unbalanced_train_segments/unbalanced_train_segments_part01/Y-nNRwCYIwe4.wav
Fri, 10 Apr 2020 16:46:35 dataset.py[line:180] INFO 30 /mnt/cephfs_new_wj/speechsv/qiuqiang.kong/datasets/audioset/audios/unbalanced_train_segments/unbalanced_train_segments_part01/Y-nNXtvBhneM.wav
Fri, 10 Apr 2020 16:46:35 dataset.py[line:180] INFO 31 /mnt/cephfs_new_wj/speechsv/qiuqiang.kong/datasets/audioset/audios/unbalanced_train_segments/unbalanced_train_segments_part01/Y-nNbvcdQEn0.wav
Fri, 10 Apr 2020 16:46:35 dataset.py[line:180] INFO 32 /mnt/cephfs_new_wj/speechsv/qiuqiang.kong/datasets/audioset/audios/unbalanced_train_segments/unbalanced_train_segments_part01/Y-nNmliEvepQ.wav
Fri, 10 Apr 2020 16:46:35 dataset.py[line:180] INFO 33 /mnt/cephfs_new_wj/speechsv/qiuqiang.kong/datasets/audioset/audios/unbalanced_train_segments/unbalanced_train_segments_part01/Y-nOGeiEzY68.wav
Fri, 10 Apr 2020 16:46:35 dataset.py[line:180] INFO 34 /mnt/cephfs_new_wj/speechsv/qiuqiang.kong/datasets/audioset/audios/unbalanced_train_segments/unbalanced_train_segments_part01/Y-nOHB2ArQKc.wav
Fri, 10 Apr 2020 16:46:35 dataset.py[line:180] INFO 35 /mnt/cephfs_new_wj/speechsv/qiuqiang.kong/datasets/audioset/audios/unbalanced_train_segments/unbalanced_train_segments_part01/Y-nOLY6o-ZOU.wav
Fri, 10 Apr 2020 16:46:35 dataset.py[line:180] INFO 36 /mnt/cephfs_new_wj/speechsv/qiuqiang.kong/datasets/audioset/audios/unbalanced_train_segments/unbalanced_train_segments_part01/Y-nOZCpXVXV4.wav
Fri, 10 Apr 2020 16:46:35 dataset.py[line:180] INFO 37 /mnt/cephfs_new_wj/speechsv/qiuqiang.kong/datasets/audioset/audios/unbalanced_train_segments/unbalanced_train_segments_part01/Y-nO_1b9cFcU.wav
Fri, 10 Apr 2020 16:46:35 dataset.py[line:180] INFO 38 /mnt/cephfs_new_wj/speechsv/qiuqiang.kong/datasets/audioset/audios/unbalanced_train_segments/unbalanced_train_segments_part01/Y-nO_5iEEi08.wav
Fri, 10 Apr 2020 16:46:35 dataset.py[line:180] INFO 39 /mnt/cephfs_new_wj/speechsv/qiuqiang.kong/datasets/audioset/audios/unbalanced_train_segments/unbalanced_train_segments_part01/Y-nOecRc50Uc.wav
Fri, 10 Apr 2020 16:46:35 dataset.py[line:188] INFO 40 File does not exist! /mnt/cephfs_new_wj/speechsv/qiuqiang.kong/datasets/audioset/audios/unbalanced_train_segments/unbalanced_train_segments_part01/Y-nOit5KTZZo.wav
Fri, 10 Apr 2020 16:46:35 dataset.py[line:180] INFO 41 /mnt/cephfs_new_wj/speechsv/qiuqiang.kong/datasets/audioset/audios/unbalanced_train_segments/unbalanced_train_segments_part01/Y-nOlCEEE8Go.wav
Fri, 10 Apr 2020 16:46:35 dataset.py[line:180] INFO 42 /mnt/cephfs_new_wj/speechsv/qiuqiang.kong/datasets/audioset/audios/unbalanced_train_segments/unbalanced_train_segments_part01/Y-nOq5m-eRZU.wav
Fri, 10 Apr 2020 16:46:35 dataset.py[line:180] INFO 43 /mnt/cephfs_new_wj/speechsv/qiuqiang.kong/datasets/audioset/audios/unbalanced_train_segments/unbalanced_train_segments_part01/Y-nP0w6kCeF8.wav
Fri, 10 Apr 2020 16:46:35 dataset.py[line:180] INFO 44 /mnt/cephfs_new_wj/speechsv/qiuqiang.kong/datasets/audioset/audios/unbalanced_train_segments/unbalanced_train_segments_part01/Y-nP6Ck7uAOc.wav
